<?xml version="1.0" encoding="UTF-8"?>
<!-- Generated by org.testng.reporters.JUnitReportReporter -->
<testsuite hostname="DESKTOP-TBSD3T7" failures="0" tests="5" name="Greenkart.SearchFilterTest" time="0.789" errors="0" timestamp="2021-03-07T15:01:04 GMT" skipped="0">
  <testcase classname="Greenkart.SearchFilterTest" name="validateSearchFilter" time="0.167"/>
  <system-out/>
  <testcase classname="Greenkart.SearchFilterTest" name="validateSearchFilter" time="0.160"/>
  <system-out/>
  <testcase classname="Greenkart.SearchFilterTest" name="validateSearchFilter" time="0.186"/>
  <system-out/>
  <testcase classname="Greenkart.SearchFilterTest" name="validateSearchFilter" time="0.135"/>
  <system-out/>
  <testcase classname="Greenkart.SearchFilterTest" name="validateSearchFilter" time="0.141"/>
  <system-out/>
</testsuite> <!-- Greenkart.SearchFilterTest -->
