<?xml version="1.0" encoding="UTF-8"?>
<!-- Generated by org.testng.reporters.JUnitReportReporter -->
<testsuite hostname="DESKTOP-TBSD3T7" failures="0" tests="1" name="Greenkart.NormalSortTest" time="0.285" errors="0" timestamp="2021-02-02T14:27:32 GMT" skipped="0">
  <testcase classname="Greenkart.NormalSortTest" name="getTableListSortAndCompare" time="0.285"/>
  <system-out/>
</testsuite> <!-- Greenkart.NormalSortTest -->
