<?xml version="1.0" encoding="UTF-8"?>
<!-- Generated by org.testng.reporters.JUnitReportReporter -->
<testsuite hostname="DESKTOP-TBSD3T7" failures="0" tests="5" name="Greenkart.SearchFilterTest" time="0.820" errors="0" timestamp="2021-02-02T14:27:32 GMT" skipped="0">
  <testcase classname="Greenkart.SearchFilterTest" name="validateSearchFilter" time="0.153"/>
  <system-out/>
  <testcase classname="Greenkart.SearchFilterTest" name="validateSearchFilter" time="0.158"/>
  <system-out/>
  <testcase classname="Greenkart.SearchFilterTest" name="validateSearchFilter" time="0.137"/>
  <system-out/>
  <testcase classname="Greenkart.SearchFilterTest" name="validateSearchFilter" time="0.196"/>
  <system-out/>
  <testcase classname="Greenkart.SearchFilterTest" name="validateSearchFilter" time="0.176"/>
  <system-out/>
</testsuite> <!-- Greenkart.SearchFilterTest -->
