<?xml version="1.0" encoding="UTF-8"?>
<!-- Generated by org.testng.reporters.JUnitReportReporter -->
<testsuite hostname="DESKTOP-TBSD3T7" failures="0" tests="5" name="Greenkart.SearchFilterTest" time="0.974" errors="0" timestamp="2021-03-03T22:52:54 GMT" skipped="0">
  <testcase classname="Greenkart.SearchFilterTest" name="validateSearchFilter" time="0.169"/>
  <system-out/>
  <testcase classname="Greenkart.SearchFilterTest" name="validateSearchFilter" time="0.296"/>
  <system-out/>
  <testcase classname="Greenkart.SearchFilterTest" name="validateSearchFilter" time="0.175"/>
  <system-out/>
  <testcase classname="Greenkart.SearchFilterTest" name="validateSearchFilter" time="0.165"/>
  <system-out/>
  <testcase classname="Greenkart.SearchFilterTest" name="validateSearchFilter" time="0.169"/>
  <system-out/>
</testsuite> <!-- Greenkart.SearchFilterTest -->
