<?xml version="1.0" encoding="UTF-8"?>
<!-- Generated by org.testng.reporters.JUnitReportReporter -->
<testsuite hostname="DESKTOP-TBSD3T7" failures="0" tests="1" name="Greenkart.NormalSortTest" time="0.154" errors="0" timestamp="2021-01-06T19:14:12 GMT" skipped="0">
  <testcase classname="Greenkart.NormalSortTest" name="getTableListSortAndCompare" time="0.154"/>
  <system-out/>
</testsuite> <!-- Greenkart.NormalSortTest -->
