<?xml version="1.0" encoding="UTF-8"?>
<!-- Generated by org.testng.reporters.JUnitReportReporter -->
<testsuite hostname="DESKTOP-TBSD3T7" failures="0" tests="3" name="Greenkart.GetItemPriceTest" time="3.643" errors="0" timestamp="2021-03-07T15:01:04 GMT" skipped="0">
  <testcase classname="Greenkart.GetItemPriceTest" name="getItemPrice" time="0.085"/>
  <system-out/>
  <testcase classname="Greenkart.GetItemPriceTest" name="getItemPrice" time="0.137"/>
  <system-out/>
  <testcase classname="Greenkart.GetItemPriceTest" name="getItemPrice" time="3.421"/>
  <system-out/>
</testsuite> <!-- Greenkart.GetItemPriceTest -->
