<?xml version="1.0" encoding="UTF-8"?>
<!-- Generated by org.testng.reporters.JUnitReportReporter -->
<testsuite hostname="DESKTOP-TBSD3T7" failures="0" tests="5" name="Greenkart.SearchFilterTest" time="0.981" errors="0" timestamp="2021-03-09T01:10:52 GMT" skipped="0">
  <testcase classname="Greenkart.SearchFilterTest" name="validateSearchFilter" time="0.240"/>
  <system-out/>
  <testcase classname="Greenkart.SearchFilterTest" name="validateSearchFilter" time="0.160"/>
  <system-out/>
  <testcase classname="Greenkart.SearchFilterTest" name="validateSearchFilter" time="0.165"/>
  <system-out/>
  <testcase classname="Greenkart.SearchFilterTest" name="validateSearchFilter" time="0.219"/>
  <system-out/>
  <testcase classname="Greenkart.SearchFilterTest" name="validateSearchFilter" time="0.197"/>
  <system-out/>
</testsuite> <!-- Greenkart.SearchFilterTest -->
