<?xml version="1.0" encoding="UTF-8"?>
<!-- Generated by org.testng.reporters.JUnitReportReporter -->
<testsuite hostname="DESKTOP-TBSD3T7" failures="0" tests="3" name="Greenkart.GetItemPriceTest" time="3.697" errors="0" timestamp="2021-03-09T01:10:52 GMT" skipped="0">
  <testcase classname="Greenkart.GetItemPriceTest" name="getItemPrice" time="0.113"/>
  <system-out/>
  <testcase classname="Greenkart.GetItemPriceTest" name="getItemPrice" time="0.169"/>
  <system-out/>
  <testcase classname="Greenkart.GetItemPriceTest" name="getItemPrice" time="3.415"/>
  <system-out/>
</testsuite> <!-- Greenkart.GetItemPriceTest -->
