<?xml version="1.0" encoding="UTF-8"?>
<!-- Generated by org.testng.reporters.JUnitReportReporter -->
<testsuite hostname="DESKTOP-TBSD3T7" failures="0" tests="3" name="Greenkart.GetItemPriceTest" time="3.718" errors="0" timestamp="2021-01-06T19:14:12 GMT" skipped="0">
  <testcase classname="Greenkart.GetItemPriceTest" name="getItemPrice" time="0.082"/>
  <system-out/>
  <testcase classname="Greenkart.GetItemPriceTest" name="getItemPrice" time="3.464"/>
  <system-out/>
  <testcase classname="Greenkart.GetItemPriceTest" name="getItemPrice" time="0.172"/>
  <system-out/>
</testsuite> <!-- Greenkart.GetItemPriceTest -->
