<?xml version="1.0" encoding="UTF-8"?>
<!-- Generated by org.testng.reporters.JUnitReportReporter -->
<testsuite hostname="DESKTOP-TBSD3T7" failures="0" tests="1" name="Greenkart.NormalSortTest" time="0.305" errors="0" timestamp="2021-01-07T08:47:46 GMT" skipped="0">
  <testcase classname="Greenkart.NormalSortTest" name="getTableListSortAndCompare" time="0.305"/>
  <system-out/>
</testsuite> <!-- Greenkart.NormalSortTest -->
