<?xml version="1.0" encoding="UTF-8"?>
<!-- Generated by org.testng.reporters.JUnitReportReporter -->
<testsuite hostname="DESKTOP-TBSD3T7" failures="0" tests="3" name="Greenkart.GetItemPriceTest" time="3.718" errors="0" timestamp="2021-02-02T14:27:32 GMT" skipped="0">
  <testcase classname="Greenkart.GetItemPriceTest" name="getItemPrice" time="0.119"/>
  <system-out/>
  <testcase classname="Greenkart.GetItemPriceTest" name="getItemPrice" time="3.430"/>
  <system-out/>
  <testcase classname="Greenkart.GetItemPriceTest" name="getItemPrice" time="0.169"/>
  <system-out/>
</testsuite> <!-- Greenkart.GetItemPriceTest -->
