<?xml version="1.0" encoding="UTF-8"?>
<!-- Generated by org.testng.reporters.JUnitReportReporter -->
<testsuite hostname="DESKTOP-TBSD3T7" failures="0" tests="5" name="Greenkart.SearchFilterTest" time="0.868" errors="0" timestamp="2021-01-07T08:47:47 GMT" skipped="0">
  <testcase classname="Greenkart.SearchFilterTest" name="validateSearchFilter" time="0.182"/>
  <system-out/>
  <testcase classname="Greenkart.SearchFilterTest" name="validateSearchFilter" time="0.186"/>
  <system-out/>
  <testcase classname="Greenkart.SearchFilterTest" name="validateSearchFilter" time="0.157"/>
  <system-out/>
  <testcase classname="Greenkart.SearchFilterTest" name="validateSearchFilter" time="0.161"/>
  <system-out/>
  <testcase classname="Greenkart.SearchFilterTest" name="validateSearchFilter" time="0.182"/>
  <system-out/>
</testsuite> <!-- Greenkart.SearchFilterTest -->
