<?xml version="1.0" encoding="UTF-8"?>
<!-- Generated by org.testng.reporters.JUnitReportReporter -->
<testsuite hostname="DESKTOP-TBSD3T7" failures="0" tests="3" name="Greenkart.GetItemPriceTest" time="4.019" errors="0" timestamp="2021-03-03T22:52:54 GMT" skipped="0">
  <testcase classname="Greenkart.GetItemPriceTest" name="getItemPrice" time="0.176"/>
  <system-out/>
  <testcase classname="Greenkart.GetItemPriceTest" name="getItemPrice" time="0.164"/>
  <system-out/>
  <testcase classname="Greenkart.GetItemPriceTest" name="getItemPrice" time="3.679"/>
  <system-out/>
</testsuite> <!-- Greenkart.GetItemPriceTest -->
