<?xml version="1.0" encoding="UTF-8"?>
<!-- Generated by org.testng.reporters.JUnitReportReporter -->
<testsuite hostname="DESKTOP-TBSD3T7" failures="0" tests="1" name="Greenkart.NormalSortTest" time="0.265" errors="0" timestamp="2021-03-09T01:10:52 GMT" skipped="0">
  <testcase classname="Greenkart.NormalSortTest" name="getTableListSortAndCompare" time="0.265"/>
  <system-out/>
</testsuite> <!-- Greenkart.NormalSortTest -->
