<?xml version="1.0" encoding="UTF-8"?>
<!-- Generated by org.testng.reporters.JUnitReportReporter -->
<testsuite hostname="DESKTOP-TBSD3T7" failures="0" tests="1" name="Greenkart.ReverseSortTest" time="0.238" errors="0" timestamp="2021-03-07T15:01:04 GMT" skipped="0">
  <testcase classname="Greenkart.ReverseSortTest" name="getReversedTableListAndCompare" time="0.238"/>
  <system-out/>
</testsuite> <!-- Greenkart.ReverseSortTest -->
